[master a069e88] Auto-backup: 2026-02-17 00:00 UTC
 31 files changed, 2923 insertions(+), 1 deletion(-)
 create mode 100644 archive/old-repo/ALPHA.md
 create mode 100644 archive/old-repo/CRYPTO.md
 create mode 100644 archive/old-repo/KIMCHI.md
 create mode 100644 archive/old-repo/SIGNALS.md
 create mode 100644 archive/old-repo/TCT-Strategy.md
 create mode 100644 archive/old-repo/kimchi-bot.js
 create mode 100644 archive/old-repo/kimchi-trader.js
 create mode 100644 archive/old-repo/polymarket-action-plan.md
 create mode 100644 archive/old-repo/skills/kimchi/SKILL.md
 create mode 100644 archive/old-repo/skills/kimchi/mexc/SKILL.md
 create mode 100644 archive/old-repo/skills/kimchi/onchain/SKILL.md
 create mode 100644 archive/old-repo/skills/kimchi/price-monitor/SKILL.md
 create mode 100644 archive/old-repo/skills/kimchi/sentiment/SKILL.md
 create mode 100644 archive/old-repo/skills/kimchi/tradingview/SKILL.md
 create mode 100644 archive/old-repo/tct_analysis.py
 create mode 100644 archive/old-repo/tct_simple.py
 create mode 100644 archive/old-repo/upwork/PROFILE.md
 create mode 100644 archive/old-repo/upwork/applications/hyperliquid.md
 create mode 100644 archive/old-repo/upwork/applications/kalshi-arbitrage.md
 create mode 100644 archive/old-repo/upwork/applications/polymarket-200.md
 create mode 100644 archive/old-repo/upwork/proposals/polymarket-bot.md
 create mode 100644 archive/old-repo/upwork/templates/general.md
 create mode 100644 dashboard/public/icon.svg
 create mode 100644 dashboard/public/index.html
 create mode 100644 dashboard/public/manifest.webmanifest
 create mode 100644 dashboard/public/sw.js
 create mode 100644 dashboard/server.js
 create mode 100644 logs/git-push.log
 create mode 100644 memory/2026-02-16.md
 create mode 100755 scripts/git-push.sh
To https://github.com/tocsnostrap/Openclaw-memory-.git
   e83590c..a069e88  master -> master
Pushed at Tue Feb 17 00:00:05 UTC 2026
[master ffcd859] Auto-backup: 2026-02-17 03:00 UTC
 16 files changed, 501 insertions(+), 6 deletions(-)
 create mode 100644 jobs/2026-02-17.md
 create mode 100644 jobs/AGENT.md
 create mode 100644 memory/2026-02-17.md
 create mode 100644 notes/INDEX.md
 create mode 100644 notes/ideas.md
 create mode 100644 notes/lists.md
 create mode 100644 notes/personal.md
 create mode 100644 notes/trading.md
 create mode 100644 notes/work.md
 create mode 100644 upwork/PROFILE.md
 create mode 100644 upwork/PROPOSALS.md
 create mode 100644 upwork/STRATEGY.md
To https://github.com/tocsnostrap/Openclaw-memory-.git
   a069e88..ffcd859  master -> master
Pushed at Tue Feb 17 03:00:03 UTC 2026
[master 87c8822] Auto-backup: 2026-02-17 06:00 UTC
 5 files changed, 355 insertions(+), 92 deletions(-)
 create mode 100644 notion/CONFIG.md
To https://github.com/tocsnostrap/Openclaw-memory-.git
   ffcd859..87c8822  master -> master
Pushed at Tue Feb 17 06:00:04 UTC 2026
[master 3bf378f] Auto-backup: 2026-02-17 09:00 UTC
 10 files changed, 238 insertions(+), 4 deletions(-)
 create mode 100644 jobs/proposals/2026-02-17-ansible.md
 create mode 100644 jobs/proposals/2026-02-17-copytrading.md
 create mode 100644 jobs/proposals/2026-02-17-rag.md
 create mode 100644 jobs/proposals/2026-02-17-scanner.md
 create mode 100644 jobs/proposals/2026-02-17-scraper.md
 create mode 100644 memory/heartbeat-state.json
To https://github.com/tocsnostrap/Openclaw-memory-.git
   87c8822..3bf378f  master -> master
Pushed at Tue Feb 17 09:00:03 UTC 2026
